\BOOKMARK [1][-]{section.1}{\376\377\000A\000b\000s\000t\000r\000a\000c\000t}{}% 1
\BOOKMARK [1][-]{section.2}{\376\377\000I\000n\000t\000r\000o\000d\000u\000c\000t\000i\000o\000n}{}% 2
\BOOKMARK [1][-]{section.3}{\376\377\000R\000e\000l\000a\000t\000e\000d\000\040\000W\000o\000r\000k}{}% 3
\BOOKMARK [1][-]{section.4}{\376\377\000D\000a\000t\000a\000\040\000S\000e\000l\000e\000c\000t\000i\000o\000n}{}% 4
\BOOKMARK [1][-]{section.5}{\376\377\000A\000p\000p\000r\000o\000a\000c\000h}{}% 5
\BOOKMARK [2][-]{subsection.5.1}{\376\377\000K\000n\000o\000w\000l\000e\000d\000g\000e\000\040\000G\000r\000a\000p\000h\000\040\000C\000o\000n\000s\000t\000r\000u\000c\000t\000i\000o\000n}{section.5}% 6
\BOOKMARK [2][-]{subsection.5.2}{\376\377\000I\000n\000t\000e\000n\000t\000\040\000T\000r\000a\000i\000n\000i\000n\000g}{section.5}% 7
\BOOKMARK [2][-]{subsection.5.3}{\376\377\000E\000n\000t\000i\000t\000y\000\040\000E\000x\000t\000r\000a\000c\000t\000i\000o\000n}{section.5}% 8
\BOOKMARK [2][-]{subsection.5.4}{\376\377\000S\000P\000A\000Q\000R\000Q\000L\000\040\000Q\000u\000e\000r\000i\000e\000s}{section.5}% 9
\BOOKMARK [2][-]{subsection.5.5}{\376\377\000R\000A\000G}{section.5}% 10
\BOOKMARK [2][-]{subsection.5.6}{\376\377\000L\000L\000M\000\040\000C\000o\000n\000t\000e\000x\000t\000u\000a\000l\000\040\000R\000e\000s\000p\000o\000n\000s\000e}{section.5}% 11
\BOOKMARK [1][-]{section.6}{\376\377\000i\000m\000p\000l\000e\000m\000e\000n\000t\000a\000t\000i\000o\000n}{}% 12
\BOOKMARK [2][-]{subsection.6.1}{\376\377\000P\000i\000p\000e\000l\000i\000n\000e\000\040\000O\000r\000c\000h\000e\000s\000t\000r\000a\000t\000i\000o\000n\000\040\000\050\000p\000i\000p\000e\000l\000i\000n\000e\000.\000p\000y\000\051}{section.6}% 13
\BOOKMARK [1][-]{section.7}{\376\377\000R\000A\000G\000\040\000i\000m\000p\000l\000e\000m\000e\000n\000t\000a\000t\000i\000o\000n}{}% 14
\BOOKMARK [1][-]{section.8}{\376\377\000S\000y\000s\000t\000e\000m\000\040\000A\000r\000c\000h\000i\000t\000e\000c\000t\000u\000r\000e}{}% 15
\BOOKMARK [2][-]{subsection.8.1}{\376\377\000F\000r\000o\000n\000t\000e\000n\000d\000\040\000d\000e\000t\000a\000i\000l\000s}{section.8}% 16
\BOOKMARK [1][-]{section.9}{\376\377\000E\000x\000p\000e\000r\000i\000m\000e\000n\000t\000a\000t\000i\000o\000n}{}% 17
\BOOKMARK [2][-]{subsection.9.1}{\376\377\000S\000e\000t\000u\000p}{section.9}% 18
\BOOKMARK [2][-]{subsection.9.2}{\376\377\000R\000e\000s\000u\000l\000t\000s}{section.9}% 19
\BOOKMARK [2][-]{subsection.9.3}{\376\377\000M\000e\000t\000r\000i\000c\000s}{section.9}% 20
\BOOKMARK [1][-]{section.10}{\376\377\000C\000o\000n\000c\000l\000u\000s\000i\000o\000n\000s\000\040\000a\000n\000d\000\040\000F\000u\000t\000u\000r\000e\000\040\000W\000o\000r\000k}{}% 21
\BOOKMARK [1][-]{section*.11}{\376\377\000R\000e\000f\000e\000r\000e\000n\000c\000e\000s}{}% 22
